<?xml version="1.0" encoding="UTF-8"?>
<!-- Generated by org.testng.reporters.JUnitReportReporter -->
<testsuite skipped="0" hostname="DESKTOP-IQBBCRJ" name="Maven.Project.NewTest" tests="1" failures="0" timestamp="2019-09-05T18:39:43 IST" time="0.008" errors="0">
  <testcase name="f" time="0.008" classname="Maven.Project.NewTest"/>
</testsuite> <!-- Maven.Project.NewTest -->
